[debug] [2023-12-16T23:15:38.329Z] ----------------------------------------------------------------------
[debug] [2023-12-16T23:15:38.331Z] Command:       C:\Program Files\nodejs\node.exe C:\Users\Miguel Hurtado\AppData\Roaming\npm\node_modules\firebase-tools\lib\bin\firebase.js init hosting
[debug] [2023-12-16T23:15:38.332Z] CLI Version:   13.0.2
[debug] [2023-12-16T23:15:38.332Z] Platform:      win32
[debug] [2023-12-16T23:15:38.332Z] Node Version:  v20.10.0
[debug] [2023-12-16T23:15:38.332Z] Time:          Sun Dec 17 2023 00:15:38 GMT+0100 (hora estándar de Europa central)
[debug] [2023-12-16T23:15:38.332Z] ----------------------------------------------------------------------
[debug] 
[debug] [2023-12-16T23:15:38.338Z] > command requires scopes: ["email","openid","https://www.googleapis.com/auth/cloudplatformprojects.readonly","https://www.googleapis.com/auth/firebase","https://www.googleapis.com/auth/cloud-platform"]
[debug] [2023-12-16T23:15:38.338Z] > authorizing via signed-in user (miguelhurtado.developer@gmail.com)
[info] 
     ######## #### ########  ######## ########     ###     ######  ########
     ##        ##  ##     ## ##       ##     ##  ##   ##  ##       ##
     ######    ##  ########  ######   ########  #########  ######  ######
     ##        ##  ##    ##  ##       ##     ## ##     ##       ## ##
     ##       #### ##     ## ######## ########  ##     ##  ######  ########

You're about to initialize a Firebase project in this directory:

  C:\Users\Miguel Hurtado\Desktop\2ºDAW\DEC\Tienda\TiendaOnlineJavaScript

[info] 
=== Project Setup
[info] 
[info] First, let's associate this project directory with a Firebase project.
[info] You can create multiple project aliases by running firebase use --add, 
[info] but for now we'll just set up a default project.
[info] 
[debug] [2023-12-16T23:16:37.099Z] >>> [apiv2][query] GET https://firebase.googleapis.com/v1beta1/projects pageSize=100
[debug] [2023-12-16T23:16:37.965Z] <<< [apiv2][status] GET https://firebase.googleapis.com/v1beta1/projects 200
[debug] [2023-12-16T23:16:37.965Z] <<< [apiv2][body] GET https://firebase.googleapis.com/v1beta1/projects [omitted]
[info] i  Using project tiendaonline-miguelhurtado (TiendaOnline-MiguelHurtado) 
[info] 
=== Hosting Setup
[debug] [2023-12-16T23:16:39.835Z] >>> [apiv2][query] GET https://firebase.googleapis.com/v1beta1/projects/tiendaonline-miguelhurtado [none]
[debug] [2023-12-16T23:16:42.683Z] <<< [apiv2][status] GET https://firebase.googleapis.com/v1beta1/projects/tiendaonline-miguelhurtado 200
[debug] [2023-12-16T23:16:42.684Z] <<< [apiv2][body] GET https://firebase.googleapis.com/v1beta1/projects/tiendaonline-miguelhurtado {"projectId":"tiendaonline-miguelhurtado","projectNumber":"1000795292775","displayName":"TiendaOnline-MiguelHurtado","name":"projects/tiendaonline-miguelhurtado","resources":{"hostingSite":"tiendaonline-miguelhurtado"},"state":"ACTIVE","etag":"1_7bd5104a-d0b3-4655-89f9-bdef64d45f54"}
[info] 
[info] Your public directory is the folder (relative to your project directory) that
[info] will contain Hosting assets to be uploaded with firebase deploy. If you
[info] have a build process for your assets, use your build's output directory.
[info] 
[debug] [2023-12-16T23:17:24.710Z] >>> [apiv2][query] GET https://www.gstatic.com/firebasejs/releases.json [none]
[debug] [2023-12-16T23:17:24.807Z] <<< [apiv2][status] GET https://www.gstatic.com/firebasejs/releases.json 200
[debug] [2023-12-16T23:17:24.807Z] <<< [apiv2][body] GET https://www.gstatic.com/firebasejs/releases.json {"current":{"version":"10.7.1","browserURL":"https://www.gstatic.com/firebasejs/10.7.1/firebase.js","packageURL":"https://www.gstatic.com/firebasejs/10.7.1/firebase.tgz"},"live":{"version":"10.7","browserURL":"https://www.gstatic.com/firebasejs/live/10.7/firebase.js","packageURL":"https://www.gstatic.com/firebasejs/live/10.7/firebase.tgz"},"components":{"analytics":"https://www.gstatic.com/firebasejs/10.7.1/firebase-analytics.js","app":"https://www.gstatic.com/firebasejs/10.7.1/firebase-app.js","app-check":"https://www.gstatic.com/firebasejs/10.7.1/firebase-app-check.js","auth":"https://www.gstatic.com/firebasejs/10.7.1/firebase-auth.js","auth/cordova":"https://www.gstatic.com/firebasejs/10.7.1/firebase-auth/cordova.js","functions":"https://www.gstatic.com/firebasejs/10.7.1/firebase-functions.js","firestore":"https://www.gstatic.com/firebasejs/10.7.1/firebase-firestore.js","firestore/lite":"https://www.gstatic.com/firebasejs/10.7.1/firebase-firestore/lite.js","installations":"https://www.gstatic.com/firebasejs/10.7.1/firebase-installations.js","storage":"https://www.gstatic.com/firebasejs/10.7.1/firebase-storage.js","performance":"https://www.gstatic.com/firebasejs/10.7.1/firebase-performance.js","remote-config":"https://www.gstatic.com/firebasejs/10.7.1/firebase-remote-config.js","messaging":"https://www.gstatic.com/firebasejs/10.7.1/firebase-messaging.js","messaging/sw":"https://www.gstatic.com/firebasejs/10.7.1/firebase-messaging/sw.js","database":"https://www.gstatic.com/firebasejs/10.7.1/firebase-database.js","firestore.memory":"https://www.gstatic.com/firebasejs/10.7.1/firebase-firestore.memory.js"}}
[info] +  Wrote public/index.html 
[info] 
[info] i  Detected a .git folder at C:\Users\Miguel Hurtado\Desktop\2ºDAW\DEC\Tienda\TiendaOnlineJavaScript 
[info] i  Authorizing with GitHub to upload your service account to a GitHub repository's secrets store. 
[info] 
[info] Visit this URL on this device to log in:
[info] https://github.com/login/oauth/authorize?client_id=89cf50f02ac6aaed3484&state=17393908&redirect_uri=http%3A%2F%2Flocalhost%3A9005&scope=read%3Auser%20repo%20public_repo
[info] 
[info] Waiting for authentication...
[debug] [2023-12-16T23:17:53.916Z] >>> [apiv2][query] POST https://github.com/login/oauth/access_token [none]
[debug] [2023-12-16T23:17:53.916Z] >>> [apiv2][body] POST https://github.com/login/oauth/access_token [stream]
[debug] [2023-12-16T23:17:54.311Z] <<< [apiv2][status] POST https://github.com/login/oauth/access_token 200
[debug] [2023-12-16T23:17:54.311Z] <<< [apiv2][body] POST https://github.com/login/oauth/access_token {"access_token":"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","token_type":"bearer","scope":"read:user,repo"}
[debug] [2023-12-16T23:17:54.316Z] >>> [apiv2][query] GET https://api.github.com/user [none]
[debug] [2023-12-16T23:17:54.743Z] <<< [apiv2][status] GET https://api.github.com/user 200
[debug] [2023-12-16T23:17:54.743Z] <<< [apiv2][body] GET https://api.github.com/user {"login":"MiguelHurtadoDevelop","id":122483165,"node_id":"U_kgDOB0zx3Q","avatar_url":"https://avatars.githubusercontent.com/u/122483165?v=4","gravatar_id":"","url":"https://api.github.com/users/MiguelHurtadoDevelop","html_url":"https://github.com/MiguelHurtadoDevelop","followers_url":"https://api.github.com/users/MiguelHurtadoDevelop/followers","following_url":"https://api.github.com/users/MiguelHurtadoDevelop/following{/other_user}","gists_url":"https://api.github.com/users/MiguelHurtadoDevelop/gists{/gist_id}","starred_url":"https://api.github.com/users/MiguelHurtadoDevelop/starred{/owner}{/repo}","subscriptions_url":"https://api.github.com/users/MiguelHurtadoDevelop/subscriptions","organizations_url":"https://api.github.com/users/MiguelHurtadoDevelop/orgs","repos_url":"https://api.github.com/users/MiguelHurtadoDevelop/repos","events_url":"https://api.github.com/users/MiguelHurtadoDevelop/events{/privacy}","received_events_url":"https://api.github.com/users/MiguelHurtadoDevelop/received_events","type":"User","site_admin":false,"name":"Miguel Hurtado Mesa","company":null,"blog":"","location":null,"email":null,"hireable":null,"bio":"Estudiante de Grado Superior de Desarrollo de Aplicaciones Web en el instituto IES Francisco Ayala (Granada)","twitter_username":null,"public_repos":21,"public_gists":0,"followers":0,"following":0,"created_at":"2023-01-11T19:25:16Z","updated_at":"2023-11-22T14:10:04Z","private_gists":0,"total_private_repos":4,"owned_private_repos":4,"disk_usage":46011,"collaborators":0,"two_factor_authentication":false,"plan":{"name":"pro","space":976562499,"collaborators":0,"private_repos":9999}}
[info] 
[info] +  Success! Logged into GitHub as MiguelHurtadoDevelop 
[info] 
[debug] [2023-12-16T23:18:11.925Z] >>> [apiv2][query] GET https://api.github.com/repos//actions/secrets/public-key type=owner
[debug] [2023-12-16T23:18:12.381Z] <<< [apiv2][status] GET https://api.github.com/repos//actions/secrets/public-key 404
[debug] [2023-12-16T23:18:12.381Z] <<< [apiv2][body] GET https://api.github.com/repos//actions/secrets/public-key {"message":"Not Found","documentation_url":"https://docs.github.com/rest"}
[info] 
[info] 
[error] !  The provided authorization cannot be used with this repository. If this repository is in an organization, did you remember to grant access? 
[info] 
[info] i  Action required: Visit this URL to ensure access has been granted to the appropriate organization(s) for the Firebase CLI GitHub OAuth App: 
[info] https://github.com/settings/connections/applications/89cf50f02ac6aaed3484
[info] 
